starting benchmark...
spawning thread #0: 100 total client(s). 100000 total requests
TLS Protocol: TLSv1.2
Cipher: ECDHE-RSA-AES128-GCM-SHA256
Server Temp Key: X25519 253 bits
Application protocol: h2
progress: 10%...100% done

finished in 15.09s, 6624.73 req/s, 4.13MB/s
requests: 100000 total, 100000 started, 100000 done, 100000 succeeded, 0 failed, 0 errored, 0 timeout
status codes: 100000 2xx, 0 3xx, 0 4xx, 0 5xx
traffic: 62.32MB (65342600) total, 1.09MB (1140800) headers (space savings 92.24%), 58.65MB (61500000) data
                     min         max         mean         sd        +/- sd
time for request:    30.52ms    285.76ms    149.46ms     26.08ms    92.49%
time for connect:   126.61ms    152.01ms    138.61ms      6.62ms    60.00%
time to 1st byte:   385.53ms    395.24ms    388.89ms      2.36ms    59.00%
req/s           :      66.27       66.34       66.29        0.01    93.00%
starting benchmark...
spawning thread #0: 100 total client(s). 100000 total requests
TLS Protocol: TLSv1.2
Cipher: ECDHE-RSA-AES128-GCM-SHA256
Server Temp Key: X25519 253 bits
Application protocol: http/1.1
progress: 10%...100% done

finished in 27.62s, 3621.07 req/s, 3.61MB/s
requests: 100000 total, 100000 started, 100000 done, 100000 succeeded, 0 failed, 0 errored, 0 timeout
status codes: 100000 2xx, 0 3xx, 0 4xx, 0 5xx
traffic: 99.56MB (104400000) total, 34.52MB (36200000) headers (space savings 0.00%), 58.65MB (61500000) data
                     min         max         mean         sd        +/- sd
time for request:    52.82ms    748.01ms    274.47ms     39.19ms    94.74%
time for connect:   114.59ms    277.95ms    129.98ms     16.73ms    99.00%
time to 1st byte:   418.90ms    513.69ms    440.22ms     13.20ms    72.00%
req/s           :      36.21       36.25       36.22        0.00    80.00%


